<?xml version="1.0" encoding="UTF-8"?>
<!-- Generated by org.testng.reporters.JUnitReportReporter -->
<testsuite skipped="0" hostname="Dell-PC" name="com.flipkart.qa.assertion.LoginTest_AssertionTest" tests="4" failures="0" timestamp="24 Sep 2018 17:52:55 GMT" time="94.849" errors="0">
  <testcase name="loginTest" time="21.629" classname="com.flipkart.qa.assertion.LoginTest_AssertionTest"/>
  <testcase name="TitleValitationTest" time="22.499" classname="com.flipkart.qa.assertion.LoginTest_AssertionTest"/>
  <testcase name="LogoValidationTest" time="26.725" classname="com.flipkart.qa.assertion.LoginTest_AssertionTest"/>
  <testcase name="MobilesTest" time="23.996" classname="com.flipkart.qa.assertion.LoginTest_AssertionTest"/>
</testsuite> <!-- com.flipkart.qa.assertion.LoginTest_AssertionTest -->
