<?xml version="1.0" encoding="UTF-8"?>
<!-- Generated by org.testng.reporters.JUnitReportReporter -->
<testsuite skipped="0" hostname="Dell-PC" name="com.flipkart.qa.testcases.LoginPageTest" tests="1" failures="0" timestamp="03 Sep 2018 17:43:18 GMT" time="26.561" errors="0">
  <testcase name="loginTest" time="26.561" classname="com.flipkart.qa.testcases.LoginPageTest"/>
</testsuite> <!-- com.flipkart.qa.testcases.LoginPageTest -->
