<?xml version="1.0" encoding="UTF-8"?>
<!-- Generated by org.testng.reporters.JUnitReportReporter -->
<testsuite skipped="0" hostname="Dell-PC" name="com.flipkart.qa.testcases.LoginTest_FromSingleExcelRecord" tests="1" failures="0" timestamp="24 Sep 2018 18:05:57 GMT" time="26.904" errors="0">
  <testcase name="loginTest" time="26.904" classname="com.flipkart.qa.testcases.LoginTest_FromSingleExcelRecord"/>
</testsuite> <!-- com.flipkart.qa.testcases.LoginTest_FromSingleExcelRecord -->
