<?xml version="1.0" encoding="UTF-8"?>
<!-- Generated by org.testng.reporters.JUnitReportReporter -->
<testsuite skipped="0" hostname="Dell-PC" name="com.flipkart.qa.paralleltesting.LoginTest_ParallelTest" tests="2" failures="0" timestamp="24 Sep 2018 18:01:50 GMT" time="90.652" errors="0">
  <testcase name="getChorme" time="57.430" classname="com.flipkart.qa.paralleltesting.LoginTest_ParallelTest"/>
  <testcase name="getFirefox" time="33.222" classname="com.flipkart.qa.paralleltesting.LoginTest_ParallelTest"/>
</testsuite> <!-- com.flipkart.qa.paralleltesting.LoginTest_ParallelTest -->
