<?xml version="1.0" encoding="UTF-8"?>
<!-- Generated by org.testng.reporters.JUnitReportReporter -->
<testsuite skipped="0" hostname="Dell-PC" name="com.flipkart.qa.parameterization.LoginTest_TestngDataprovider" tests="3" failures="0" timestamp="08 Sep 2018 15:39:55 GMT" time="32.504" errors="0">
  <testcase name="loginTest" time="11.595" classname="com.flipkart.qa.parameterization.LoginTest_TestngDataprovider"/>
  <testcase name="loginTest" time="10.987" classname="com.flipkart.qa.parameterization.LoginTest_TestngDataprovider"/>
  <testcase name="loginTest" time="9.922" classname="com.flipkart.qa.parameterization.LoginTest_TestngDataprovider"/>
</testsuite> <!-- com.flipkart.qa.parameterization.LoginTest_TestngDataprovider -->
