<?xml version="1.0" encoding="UTF-8"?>
<!-- Generated by org.testng.reporters.JUnitReportReporter -->
<testsuite skipped="0" hostname="Dell-PC" name="com.flipkart.qa.testcases.LoginTest_FromFileRecord" tests="1" failures="0" timestamp="24 Sep 2018 18:03:59 GMT" time="27.153" errors="0">
  <testcase name="loginTest" time="27.153" classname="com.flipkart.qa.testcases.LoginTest_FromFileRecord"/>
</testsuite> <!-- com.flipkart.qa.testcases.LoginTest_FromFileRecord -->
