<?xml version="1.0" encoding="UTF-8"?>
<!-- Generated by org.testng.reporters.JUnitReportReporter -->
<testsuite skipped="0" hostname="Dell-PC" name="com.flipkart.qa.testcases.LoginTest_FromHardcodeRecord" tests="1" failures="0" timestamp="24 Sep 2018 18:05:03 GMT" time="27.236" errors="0">
  <testcase name="loginTest" time="27.236" classname="com.flipkart.qa.testcases.LoginTest_FromHardcodeRecord"/>
</testsuite> <!-- com.flipkart.qa.testcases.LoginTest_FromHardcodeRecord -->
