<?xml version="1.0" encoding="UTF-8"?>
<!-- Generated by org.testng.reporters.JUnitReportReporter -->
<testsuite skipped="2" hostname="Dell-PC" name="com.flipkart.qa.attributetest.LoginTest_TestAttribute" tests="6" failures="0" timestamp="24 Sep 2018 17:45:17 GMT" time="139.357" errors="0">
  <testcase name="SkipExceptionTest" time="25.708" classname="com.flipkart.qa.attributetest.LoginTest_TestAttribute">
    <skipped/>
  </testcase> <!-- SkipExceptionTest -->
  <testcase name="loginTest" time="25.311" classname="com.flipkart.qa.attributetest.LoginTest_TestAttribute"/>
  <testcase name="MobilesTest" time="20.560" classname="com.flipkart.qa.attributetest.LoginTest_TestAttribute"/>
  <testcase name="TitleValitationTest" time="21.276" classname="com.flipkart.qa.attributetest.LoginTest_TestAttribute"/>
  <testcase name="MenfasionTest" time="0.000" classname="com.flipkart.qa.attributetest.LoginTest_TestAttribute">
    <skipped/>
  </testcase> <!-- MenfasionTest -->
  <testcase name="Expected_exception" time="46.502" classname="com.flipkart.qa.attributetest.LoginTest_TestAttribute"/>
</testsuite> <!-- com.flipkart.qa.attributetest.LoginTest_TestAttribute -->
