<?xml version="1.0" encoding="UTF-8"?>
<!-- Generated by org.testng.reporters.JUnitReportReporter -->
<testsuite skipped="0" hostname="Dell-PC" name="com.flipkart.qa.parameterization.LoginTest_TestngParameters" tests="1" failures="0" timestamp="11 Sep 2018 19:07:05 GMT" time="20.179" errors="0">
  <testcase name="loginTest" time="20.179" classname="com.flipkart.qa.parameterization.LoginTest_TestngParameters"/>
</testsuite> <!-- com.flipkart.qa.parameterization.LoginTest_TestngParameters -->
